2024-11-17 04:49:05.816 GMT [1]     LOG:  00000: starting PostgreSQL 17.1 (Debian 17.1-1.pgdg120+1) on x86_64-pc-linux-gnu, compiled by gcc (Debian 12.2.0-14) 12.2.0, 64-bit
2024-11-17 04:49:05.816 GMT [1]     LOCATION:  PostmasterMain, postmaster.c:1080
2024-11-17 04:49:05.845 GMT [1]     LOG:  00000: listening on IPv4 address "0.0.0.0", port 5432
2024-11-17 04:49:05.845 GMT [1]     LOCATION:  ListenServerPort, pqcomm.c:661
2024-11-17 04:49:05.845 GMT [1]     LOG:  00000: listening on IPv6 address "::", port 5432
2024-11-17 04:49:05.845 GMT [1]     LOCATION:  ListenServerPort, pqcomm.c:661
2024-11-17 04:49:06.273 GMT [1]     LOG:  00000: listening on Unix socket "/var/run/postgresql/.s.PGSQL.5432"
2024-11-17 04:49:06.273 GMT [1]     LOCATION:  ListenServerPort, pqcomm.c:657
2024-11-17 04:49:06.871 GMT [67]     LOG:  00000: database system was shut down at 2024-11-17 04:49:05 GMT
2024-11-17 04:49:06.871 GMT [67]     LOCATION:  StartupXLOG, xlog.c:5445
2024-11-17 04:49:07.182 GMT [1]     LOG:  00000: database system is ready to accept connections
2024-11-17 04:49:07.182 GMT [1]     LOCATION:  process_pm_child_exit, postmaster.c:2483
2024-11-17 04:54:06.879 GMT [65]     LOG:  00000: checkpoint starting: time
2024-11-17 04:54:06.879 GMT [65]     LOCATION:  LogCheckpointStart, xlog.c:6661
2024-11-17 04:54:09.928 GMT [65]     LOG:  00000: checkpoint complete: wrote 27 buffers (0.2%); 0 WAL file(s) added, 0 removed, 0 recycled; write=2.484 s, sync=0.327 s, total=3.050 s; sync files=11, longest=0.062 s, average=0.030 s; distance=97 kB, estimate=97 kB; lsn=0/1920F58, redo lsn=0/1920F00
2024-11-17 04:54:09.928 GMT [65]     LOCATION:  LogCheckpointEnd, xlog.c:6750
2024-11-17 05:50:05.640 GMT [1]     LOG:  00000: received fast shutdown request
2024-11-17 05:50:05.640 GMT [1]     LOCATION:  process_pm_shutdown_request, postmaster.c:2273
2024-11-17 05:50:05.741 GMT [1]     LOG:  00000: aborting any active transactions
2024-11-17 05:50:05.741 GMT [1]     LOCATION:  process_pm_shutdown_request, postmaster.c:2291
2024-11-17 05:50:05.749 GMT [1]     LOG:  00000: background worker "logical replication launcher" (PID 70) exited with exit code 1
2024-11-17 05:50:05.749 GMT [1]     LOCATION:  LogChildExit, postmaster.c:3076
2024-11-17 05:50:05.751 GMT [65]     LOG:  00000: shutting down
2024-11-17 05:50:05.751 GMT [65]     LOCATION:  ShutdownXLOG, xlog.c:6611
2024-11-17 05:50:05.796 GMT [65]     LOG:  00000: checkpoint starting: shutdown immediate
2024-11-17 05:50:05.796 GMT [65]     LOCATION:  LogCheckpointStart, xlog.c:6661
2024-11-17 05:50:06.237 GMT [65]     LOG:  00000: checkpoint complete: wrote 0 buffers (0.0%); 0 WAL file(s) added, 0 removed, 0 recycled; write=0.123 s, sync=0.001 s, total=0.486 s; sync files=0, longest=0.000 s, average=0.000 s; distance=0 kB, estimate=87 kB; lsn=0/1921008, redo lsn=0/1921008
2024-11-17 05:50:06.237 GMT [65]     LOCATION:  LogCheckpointEnd, xlog.c:6750
2024-11-17 05:50:06.279 GMT [1]     LOG:  00000: database system is shut down
2024-11-17 05:50:06.279 GMT [1]     LOCATION:  UnlinkLockFiles, miscinit.c:1171
