2024-11-17 04:48:08.004 GMT [49]     LOG:  00000: starting PostgreSQL 17.1 (Debian 17.1-1.pgdg120+1) on x86_64-pc-linux-gnu, compiled by gcc (Debian 12.2.0-14) 12.2.0, 64-bit
2024-11-17 04:48:08.004 GMT [49]     LOCATION:  PostmasterMain, postmaster.c:1080
2024-11-17 04:48:08.733 GMT [49]     LOG:  00000: listening on Unix socket "/var/run/postgresql/.s.PGSQL.5432"
2024-11-17 04:48:08.733 GMT [49]     LOCATION:  ListenServerPort, pqcomm.c:657
2024-11-17 04:48:09.627 GMT [53]     LOG:  00000: database system was shut down at 2024-11-17 04:47:01 GMT
2024-11-17 04:48:09.627 GMT [53]     LOCATION:  StartupXLOG, xlog.c:5445
2024-11-17 04:48:09.783 GMT [49]     LOG:  00000: database system is ready to accept connections
2024-11-17 04:48:09.783 GMT [49]     LOCATION:  process_pm_child_exit, postmaster.c:2483
2024-11-17 04:48:14.837 GMT [59] postgres postgres psql [local] LOG:  00000: statement: SELECT 1 FROM pg_database WHERE datname = 'orders_db' ;
2024-11-17 04:48:14.837 GMT [59] postgres postgres psql [local] LOCATION:  exec_simple_query, postgres.c:1075
2024-11-17 04:48:14.883 GMT [59] postgres postgres psql [local] LOG:  00000: AUDIT: SESSION,1,1,READ,SELECT,,,SELECT 1 FROM pg_database WHERE datname = 'orders_db',<not logged>
2024-11-17 04:48:14.883 GMT [59] postgres postgres psql [local] LOCATION:  log_audit_event, pgaudit.c:875
2024-11-17 04:48:14.885 GMT [59] postgres postgres psql [local] LOG:  00000: duration: 48.571 ms
2024-11-17 04:48:14.885 GMT [59] postgres postgres psql [local] LOCATION:  exec_simple_query, postgres.c:1368
2024-11-17 04:48:14.974 GMT [61] postgres postgres psql [local] LOG:  00000: statement: CREATE DATABASE "orders_db" ;
2024-11-17 04:48:14.974 GMT [61] postgres postgres psql [local] LOCATION:  exec_simple_query, postgres.c:1075
2024-11-17 04:48:37.262 GMT [61] postgres postgres psql [local] LOG:  00000: AUDIT: SESSION,1,1,DDL,CREATE DATABASE,,,"CREATE DATABASE ""orders_db""",<not logged>
2024-11-17 04:48:37.262 GMT [61] postgres postgres psql [local] LOCATION:  log_audit_event, pgaudit.c:875
2024-11-17 04:48:38.021 GMT [61] postgres postgres psql [local] LOG:  00000: duration: 23046.562 ms
2024-11-17 04:48:38.021 GMT [61] postgres postgres psql [local] LOCATION:  exec_simple_query, postgres.c:1368
2024-11-17 04:48:38.031 GMT [49]     LOG:  00000: received fast shutdown request
2024-11-17 04:48:38.031 GMT [49]     LOCATION:  process_pm_shutdown_request, postmaster.c:2273
2024-11-17 04:48:38.362 GMT [49]     LOG:  00000: aborting any active transactions
2024-11-17 04:48:38.362 GMT [49]     LOCATION:  process_pm_shutdown_request, postmaster.c:2291
2024-11-17 04:48:38.366 GMT [49]     LOG:  00000: background worker "logical replication launcher" (PID 56) exited with exit code 1
2024-11-17 04:48:38.366 GMT [49]     LOCATION:  LogChildExit, postmaster.c:3076
2024-11-17 04:48:38.366 GMT [51]     LOG:  00000: shutting down
2024-11-17 04:48:38.366 GMT [51]     LOCATION:  ShutdownXLOG, xlog.c:6611
2024-11-17 04:48:38.675 GMT [51]     LOG:  00000: checkpoint starting: shutdown immediate
2024-11-17 04:48:38.675 GMT [51]     LOCATION:  LogCheckpointStart, xlog.c:6661
2024-11-17 04:49:05.310 GMT [51]     LOG:  00000: checkpoint complete: wrote 921 buffers (5.6%); 0 WAL file(s) added, 0 removed, 0 recycled; write=1.691 s, sync=22.330 s, total=26.945 s; sync files=301, longest=0.439 s, average=0.075 s; distance=4238 kB, estimate=4238 kB; lsn=0/19089B8, redo lsn=0/19089B8
2024-11-17 04:49:05.310 GMT [51]     LOCATION:  LogCheckpointEnd, xlog.c:6750
2024-11-17 04:49:05.523 GMT [49]     LOG:  00000: database system is shut down
2024-11-17 04:49:05.523 GMT [49]     LOCATION:  UnlinkLockFiles, miscinit.c:1171
