2024-11-22 09:05:28.724 GMT [49]     LOG:  00000: starting PostgreSQL 17.1 (Debian 17.1-1.pgdg120+1) on x86_64-pc-linux-gnu, compiled by gcc (Debian 12.2.0-14) 12.2.0, 64-bit
2024-11-22 09:05:28.724 GMT [49]     LOCATION:  PostmasterMain, postmaster.c:1080
2024-11-22 09:05:29.656 GMT [49]     LOG:  00000: listening on Unix socket "/var/run/postgresql/.s.PGSQL.5432"
2024-11-22 09:05:29.656 GMT [49]     LOCATION:  ListenServerPort, pqcomm.c:657
2024-11-22 09:05:31.835 GMT [53]     LOG:  00000: database system was shut down at 2024-11-22 09:05:05 GMT
2024-11-22 09:05:31.835 GMT [53]     LOCATION:  StartupXLOG, xlog.c:5445
2024-11-22 09:05:32.209 GMT [49]     LOG:  00000: database system is ready to accept connections
2024-11-22 09:05:32.209 GMT [49]     LOCATION:  process_pm_child_exit, postmaster.c:2483
2024-11-22 09:05:41.294 GMT [59] postgres postgres psql [local] LOG:  00000: statement: SELECT 1 FROM pg_database WHERE datname = 'products_db' ;
2024-11-22 09:05:41.294 GMT [59] postgres postgres psql [local] LOCATION:  exec_simple_query, postgres.c:1075
2024-11-22 09:05:41.394 GMT [59] postgres postgres psql [local] LOG:  00000: AUDIT: SESSION,1,1,READ,SELECT,,,SELECT 1 FROM pg_database WHERE datname = 'products_db',<not logged>
2024-11-22 09:05:41.394 GMT [59] postgres postgres psql [local] LOCATION:  log_audit_event, pgaudit.c:875
2024-11-22 09:05:41.396 GMT [59] postgres postgres psql [local] LOG:  00000: duration: 102.175 ms
2024-11-22 09:05:41.396 GMT [59] postgres postgres psql [local] LOCATION:  exec_simple_query, postgres.c:1368
2024-11-22 09:05:41.983 GMT [61] postgres postgres psql [local] LOG:  00000: statement: CREATE DATABASE "products_db" ;
2024-11-22 09:05:41.983 GMT [61] postgres postgres psql [local] LOCATION:  exec_simple_query, postgres.c:1075
2024-11-22 09:06:36.610 GMT [61] postgres postgres psql [local] LOG:  00000: AUDIT: SESSION,1,1,DDL,CREATE DATABASE,,,"CREATE DATABASE ""products_db""",<not logged>
2024-11-22 09:06:36.610 GMT [61] postgres postgres psql [local] LOCATION:  log_audit_event, pgaudit.c:875
2024-11-22 09:06:38.582 GMT [61] postgres postgres psql [local] LOG:  00000: duration: 56599.768 ms
2024-11-22 09:06:38.582 GMT [61] postgres postgres psql [local] LOCATION:  exec_simple_query, postgres.c:1368
2024-11-22 09:06:38.765 GMT [49]     LOG:  00000: received fast shutdown request
2024-11-22 09:06:38.765 GMT [49]     LOCATION:  process_pm_shutdown_request, postmaster.c:2273
2024-11-22 09:06:39.390 GMT [49]     LOG:  00000: aborting any active transactions
2024-11-22 09:06:39.390 GMT [49]     LOCATION:  process_pm_shutdown_request, postmaster.c:2291
2024-11-22 09:06:39.394 GMT [49]     LOG:  00000: background worker "logical replication launcher" (PID 56) exited with exit code 1
2024-11-22 09:06:39.394 GMT [49]     LOCATION:  LogChildExit, postmaster.c:3076
2024-11-22 09:06:39.395 GMT [51]     LOG:  00000: shutting down
2024-11-22 09:06:39.395 GMT [51]     LOCATION:  ShutdownXLOG, xlog.c:6611
2024-11-22 09:06:39.652 GMT [51]     LOG:  00000: checkpoint starting: shutdown immediate
2024-11-22 09:06:39.652 GMT [51]     LOCATION:  LogCheckpointStart, xlog.c:6661
