2024-11-17 04:48:12.669 GMT [49]     LOG:  00000: starting PostgreSQL 17.1 (Debian 17.1-1.pgdg120+1) on x86_64-pc-linux-gnu, compiled by gcc (Debian 12.2.0-14) 12.2.0, 64-bit
2024-11-17 04:48:12.669 GMT [49]     LOCATION:  PostmasterMain, postmaster.c:1080
2024-11-17 04:48:12.883 GMT [49]     LOG:  00000: listening on Unix socket "/var/run/postgresql/.s.PGSQL.5432"
2024-11-17 04:48:12.883 GMT [49]     LOCATION:  ListenServerPort, pqcomm.c:657
2024-11-17 04:48:13.335 GMT [53]     LOG:  00000: database system was shut down at 2024-11-17 04:47:01 GMT
2024-11-17 04:48:13.335 GMT [53]     LOCATION:  StartupXLOG, xlog.c:5445
2024-11-17 04:48:13.480 GMT [49]     LOG:  00000: database system is ready to accept connections
2024-11-17 04:48:13.480 GMT [49]     LOCATION:  process_pm_child_exit, postmaster.c:2483
2024-11-17 04:48:14.837 GMT [59] postgres postgres psql [local] LOG:  00000: statement: SELECT 1 FROM pg_database WHERE datname = 'users_db' ;
2024-11-17 04:48:14.837 GMT [59] postgres postgres psql [local] LOCATION:  exec_simple_query, postgres.c:1075
2024-11-17 04:48:14.884 GMT [59] postgres postgres psql [local] LOG:  00000: AUDIT: SESSION,1,1,READ,SELECT,,,SELECT 1 FROM pg_database WHERE datname = 'users_db',<not logged>
2024-11-17 04:48:14.884 GMT [59] postgres postgres psql [local] LOCATION:  log_audit_event, pgaudit.c:875
2024-11-17 04:48:14.887 GMT [59] postgres postgres psql [local] LOG:  00000: duration: 49.886 ms
2024-11-17 04:48:14.887 GMT [59] postgres postgres psql [local] LOCATION:  exec_simple_query, postgres.c:1368
2024-11-17 04:48:15.539 GMT [61] postgres postgres psql [local] LOG:  00000: statement: CREATE DATABASE "users_db" ;
2024-11-17 04:48:15.539 GMT [61] postgres postgres psql [local] LOCATION:  exec_simple_query, postgres.c:1075
2024-11-17 04:48:38.298 GMT [61] postgres postgres psql [local] LOG:  00000: AUDIT: SESSION,1,1,DDL,CREATE DATABASE,,,"CREATE DATABASE ""users_db""",<not logged>
2024-11-17 04:48:38.298 GMT [61] postgres postgres psql [local] LOCATION:  log_audit_event, pgaudit.c:875
2024-11-17 04:48:39.016 GMT [61] postgres postgres psql [local] LOG:  00000: duration: 23476.486 ms
2024-11-17 04:48:39.016 GMT [61] postgres postgres psql [local] LOCATION:  exec_simple_query, postgres.c:1368
2024-11-17 04:48:39.027 GMT [49]     LOG:  00000: received fast shutdown request
2024-11-17 04:48:39.027 GMT [49]     LOCATION:  process_pm_shutdown_request, postmaster.c:2273
2024-11-17 04:48:39.259 GMT [49]     LOG:  00000: aborting any active transactions
2024-11-17 04:48:39.259 GMT [49]     LOCATION:  process_pm_shutdown_request, postmaster.c:2291
2024-11-17 04:48:39.263 GMT [49]     LOG:  00000: background worker "logical replication launcher" (PID 56) exited with exit code 1
2024-11-17 04:48:39.263 GMT [49]     LOCATION:  LogChildExit, postmaster.c:3076
2024-11-17 04:48:39.263 GMT [51]     LOG:  00000: shutting down
2024-11-17 04:48:39.263 GMT [51]     LOCATION:  ShutdownXLOG, xlog.c:6611
2024-11-17 04:48:39.771 GMT [51]     LOG:  00000: checkpoint starting: shutdown immediate
2024-11-17 04:48:39.771 GMT [51]     LOCATION:  LogCheckpointStart, xlog.c:6661
2024-11-17 04:49:06.045 GMT [51]     LOG:  00000: checkpoint complete: wrote 921 buffers (5.6%); 0 WAL file(s) added, 0 removed, 0 recycled; write=2.358 s, sync=21.770 s, total=26.783 s; sync files=301, longest=0.511 s, average=0.073 s; distance=4238 kB, estimate=4238 kB; lsn=0/19089B8, redo lsn=0/19089B8
2024-11-17 04:49:06.045 GMT [51]     LOCATION:  LogCheckpointEnd, xlog.c:6750
2024-11-17 04:49:06.293 GMT [49]     LOG:  00000: database system is shut down
2024-11-17 04:49:06.293 GMT [49]     LOCATION:  UnlinkLockFiles, miscinit.c:1171
