2024-11-17 04:49:07.433 GMT [1]     LOG:  00000: starting PostgreSQL 17.1 (Debian 17.1-1.pgdg120+1) on x86_64-pc-linux-gnu, compiled by gcc (Debian 12.2.0-14) 12.2.0, 64-bit
2024-11-17 04:49:07.433 GMT [1]     LOCATION:  PostmasterMain, postmaster.c:1080
2024-11-17 04:49:07.433 GMT [1]     LOG:  00000: listening on IPv4 address "0.0.0.0", port 5432
2024-11-17 04:49:07.433 GMT [1]     LOCATION:  ListenServerPort, pqcomm.c:661
2024-11-17 04:49:07.433 GMT [1]     LOG:  00000: listening on IPv6 address "::", port 5432
2024-11-17 04:49:07.433 GMT [1]     LOCATION:  ListenServerPort, pqcomm.c:661
2024-11-17 04:49:07.685 GMT [1]     LOG:  00000: listening on Unix socket "/var/run/postgresql/.s.PGSQL.5432"
2024-11-17 04:49:07.685 GMT [1]     LOCATION:  ListenServerPort, pqcomm.c:657
2024-11-17 04:49:07.878 GMT [67]     LOG:  00000: database system was shut down at 2024-11-17 04:49:06 GMT
2024-11-17 04:49:07.878 GMT [67]     LOCATION:  StartupXLOG, xlog.c:5445
2024-11-17 04:49:08.018 GMT [1]     LOG:  00000: database system is ready to accept connections
2024-11-17 04:49:08.018 GMT [1]     LOCATION:  process_pm_child_exit, postmaster.c:2483
2024-11-17 04:54:07.961 GMT [65]     LOG:  00000: checkpoint starting: time
2024-11-17 04:54:07.961 GMT [65]     LOCATION:  LogCheckpointStart, xlog.c:6661
2024-11-17 04:54:10.097 GMT [65]     LOG:  00000: checkpoint complete: wrote 19 buffers (0.1%); 0 WAL file(s) added, 0 removed, 0 recycled; write=1.714 s, sync=0.213 s, total=2.137 s; sync files=11, longest=0.029 s, average=0.020 s; distance=28 kB, estimate=28 kB; lsn=0/190FAA0, redo lsn=0/190FA48
2024-11-17 04:54:10.097 GMT [65]     LOCATION:  LogCheckpointEnd, xlog.c:6750
2024-11-17 05:50:06.082 GMT [1]     LOG:  00000: received fast shutdown request
2024-11-17 05:50:06.082 GMT [1]     LOCATION:  process_pm_shutdown_request, postmaster.c:2273
2024-11-17 05:50:06.111 GMT [1]     LOG:  00000: aborting any active transactions
2024-11-17 05:50:06.111 GMT [1]     LOCATION:  process_pm_shutdown_request, postmaster.c:2291
2024-11-17 05:50:06.118 GMT [1]     LOG:  00000: background worker "logical replication launcher" (PID 70) exited with exit code 1
2024-11-17 05:50:06.118 GMT [1]     LOCATION:  LogChildExit, postmaster.c:3076
2024-11-17 05:50:06.119 GMT [65]     LOG:  00000: shutting down
2024-11-17 05:50:06.119 GMT [65]     LOCATION:  ShutdownXLOG, xlog.c:6611
2024-11-17 05:50:06.157 GMT [65]     LOG:  00000: checkpoint starting: shutdown immediate
2024-11-17 05:50:06.157 GMT [65]     LOCATION:  LogCheckpointStart, xlog.c:6661
2024-11-17 05:50:06.896 GMT [65]     LOG:  00000: checkpoint complete: wrote 0 buffers (0.0%); 0 WAL file(s) added, 0 removed, 0 recycled; write=0.287 s, sync=0.001 s, total=0.777 s; sync files=0, longest=0.000 s, average=0.000 s; distance=0 kB, estimate=25 kB; lsn=0/190FB50, redo lsn=0/190FB50
2024-11-17 05:50:06.896 GMT [65]     LOCATION:  LogCheckpointEnd, xlog.c:6750
2024-11-17 05:50:06.958 GMT [1]     LOG:  00000: database system is shut down
2024-11-17 05:50:06.958 GMT [1]     LOCATION:  UnlinkLockFiles, miscinit.c:1171
