2024-11-22 09:05:28.891 GMT [50]     LOG:  00000: starting PostgreSQL 17.1 (Debian 17.1-1.pgdg120+1) on x86_64-pc-linux-gnu, compiled by gcc (Debian 12.2.0-14) 12.2.0, 64-bit
2024-11-22 09:05:28.891 GMT [50]     LOCATION:  PostmasterMain, postmaster.c:1080
2024-11-22 09:05:30.253 GMT [50]     LOG:  00000: listening on Unix socket "/var/run/postgresql/.s.PGSQL.5432"
2024-11-22 09:05:30.253 GMT [50]     LOCATION:  ListenServerPort, pqcomm.c:657
2024-11-22 09:05:32.974 GMT [54]     LOG:  00000: database system was shut down at 2024-11-22 09:05:01 GMT
2024-11-22 09:05:32.974 GMT [54]     LOCATION:  StartupXLOG, xlog.c:5445
2024-11-22 09:05:33.448 GMT [50]     LOG:  00000: database system is ready to accept connections
2024-11-22 09:05:33.448 GMT [50]     LOCATION:  process_pm_child_exit, postmaster.c:2483
2024-11-22 09:05:41.294 GMT [60] postgres postgres psql [local] LOG:  00000: statement: SELECT 1 FROM pg_database WHERE datname = 'payments_db' ;
2024-11-22 09:05:41.294 GMT [60] postgres postgres psql [local] LOCATION:  exec_simple_query, postgres.c:1075
2024-11-22 09:05:41.392 GMT [60] postgres postgres psql [local] LOG:  00000: AUDIT: SESSION,1,1,READ,SELECT,,,SELECT 1 FROM pg_database WHERE datname = 'payments_db',<not logged>
2024-11-22 09:05:41.392 GMT [60] postgres postgres psql [local] LOCATION:  log_audit_event, pgaudit.c:875
2024-11-22 09:05:41.395 GMT [60] postgres postgres psql [local] LOG:  00000: duration: 101.158 ms
2024-11-22 09:05:41.395 GMT [60] postgres postgres psql [local] LOCATION:  exec_simple_query, postgres.c:1368
2024-11-22 09:05:42.327 GMT [62] postgres postgres psql [local] LOG:  00000: statement: CREATE DATABASE "payments_db" ;
2024-11-22 09:05:42.327 GMT [62] postgres postgres psql [local] LOCATION:  exec_simple_query, postgres.c:1075
2024-11-22 09:06:43.736 GMT [62] postgres postgres psql [local] LOG:  00000: AUDIT: SESSION,1,1,DDL,CREATE DATABASE,,,"CREATE DATABASE ""payments_db""",<not logged>
2024-11-22 09:06:43.736 GMT [62] postgres postgres psql [local] LOCATION:  log_audit_event, pgaudit.c:875
2024-11-22 09:06:45.288 GMT [62] postgres postgres psql [local] LOG:  00000: duration: 62961.042 ms
2024-11-22 09:06:45.288 GMT [62] postgres postgres psql [local] LOCATION:  exec_simple_query, postgres.c:1368
2024-11-22 09:06:45.301 GMT [50]     LOG:  00000: received fast shutdown request
2024-11-22 09:06:45.301 GMT [50]     LOCATION:  process_pm_shutdown_request, postmaster.c:2273
2024-11-22 09:06:45.749 GMT [50]     LOG:  00000: aborting any active transactions
2024-11-22 09:06:45.749 GMT [50]     LOCATION:  process_pm_shutdown_request, postmaster.c:2291
2024-11-22 09:06:45.753 GMT [50]     LOG:  00000: background worker "logical replication launcher" (PID 57) exited with exit code 1
2024-11-22 09:06:45.753 GMT [50]     LOCATION:  LogChildExit, postmaster.c:3076
2024-11-22 09:06:45.753 GMT [52]     LOG:  00000: shutting down
2024-11-22 09:06:45.753 GMT [52]     LOCATION:  ShutdownXLOG, xlog.c:6611
2024-11-22 09:06:46.074 GMT [52]     LOG:  00000: checkpoint starting: shutdown immediate
2024-11-22 09:06:46.074 GMT [52]     LOCATION:  LogCheckpointStart, xlog.c:6661
